# JRE version: OpenJDK Runtime Environment (8.0_242-b01) (build 1.8.0_242-release-1644-b01)
# Java VM: OpenJDK 64-Bit Server VM (25.242-b01 mixed mode windows-amd64 compressed oops)
Heap:
 PSYoungGen      total 626688K, used 173265K [0x00000000d5580000, 0x00000000ff900000, 0x0000000100000000)
  eden space 561664K, 27% used [0x00000000d5580000,0x00000000dea57828,0x00000000f7a00000)
  from space 65024K, 32% used [0x00000000f7a00000,0x00000000f8e5cc80,0x00000000fb980000)
  to   space 61952K, 0% used [0x00000000fbc80000,0x00000000fbc80000,0x00000000ff900000)
 ParOldGen       total 603136K, used 510220K [0x0000000080000000, 0x00000000a4d00000, 0x00000000d5580000)
  object space 603136K, 84% used [0x0000000080000000,0x000000009f243238,0x00000000a4d00000)
 Metaspace       used 127673K, capacity 136886K, committed 137048K, reserved 1169408K
  class space    used 16108K, capacity 17696K, committed 17792K, reserved 1048576K
GC Heap History (10 events):
Event: 4026.312 GC heap before
{Heap before GC invocations=121 (full 10):
 PSYoungGen      total 611328K, used 550938K [0x00000000d5580000, 0x00000000ff700000, 0x0000000100000000)
  eden space 540160K, 100% used [0x00000000d5580000,0x00000000f6500000,0x00000000f6500000)
  from space 71168K, 15% used [0x00000000fb180000,0x00000000fbc06898,0x00000000ff700000)
  to   space 74752K, 0% used [0x00000000f6500000,0x00000000f6500000,0x00000000fae00000)
 ParOldGen       total 603136K, used 493910K [0x0000000080000000, 0x00000000a4d00000, 0x00000000d5580000)
  object space 603136K, 81% used [0x0000000080000000,0x000000009e2558e8,0x00000000a4d00000)
 Metaspace       used 127650K, capacity 136886K, committed 137048K, reserved 1169408K
  class space    used 16107K, capacity 17696K, committed 17792K, reserved 1048576K
Event: 4026.351 GC heap after
Heap after GC invocations=121 (full 10):
 PSYoungGen      total 614912K, used 7040K [0x00000000d5580000, 0x00000000fff80000, 0x0000000100000000)
  eden space 540160K, 0% used [0x00000000d5580000,0x00000000d5580000,0x00000000f6500000)
  from space 74752K, 9% used [0x00000000f6500000,0x00000000f6be0010,0x00000000fae00000)
  to   space 72704K, 0% used [0x00000000fb880000,0x00000000fb880000,0x00000000fff80000)
 ParOldGen       total 603136K, used 498257K [0x0000000080000000, 0x00000000a4d00000, 0x00000000d5580000)
  object space 603136K, 82% used [0x0000000080000000,0x000000009e694528,0x00000000a4d00000)
 Metaspace       used 127650K, capacity 136886K, committed 137048K, reserved 1169408K
  class space    used 16107K, capacity 17696K, committed 17792K, reserved 1048576K
}
Event: 4027.888 GC heap before
{Heap before GC invocations=122 (full 10):
 PSYoungGen      total 614912K, used 547200K [0x00000000d5580000, 0x00000000fff80000, 0x0000000100000000)
  eden space 540160K, 100% used [0x00000000d5580000,0x00000000f6500000,0x00000000f6500000)
  from space 74752K, 9% used [0x00000000f6500000,0x00000000f6be0010,0x00000000fae00000)
  to   space 72704K, 0% used [0x00000000fb880000,0x00000000fb880000,0x00000000fff80000)
 ParOldGen       total 603136K, used 498257K [0x0000000080000000, 0x00000000a4d00000, 0x00000000d5580000)
  object space 603136K, 82% used [0x0000000080000000,0x000000009e694528,0x00000000a4d00000)
 Metaspace       used 127651K, capacity 136886K, committed 137048K, reserved 1169408K
  class space    used 16107K, capacity 17696K, committed 17792K, reserved 1048576K
Event: 4027.920 GC heap after
Heap after GC invocations=122 (full 10):
 PSYoungGen      total 617472K, used 7269K [0x00000000d5580000, 0x00000000ff900000, 0x0000000100000000)
  eden space 551424K, 0% used [0x00000000d5580000,0x00000000d5580000,0x00000000f7000000)
  from space 66048K, 11% used [0x00000000fb880000,0x00000000fbf99408,0x00000000ff900000)
  to   space 70144K, 0% used [0x00000000f7000000,0x00000000f7000000,0x00000000fb480000)
 ParOldGen       total 603136K, used 500799K [0x0000000080000000, 0x00000000a4d00000, 0x00000000d5580000)
  object space 603136K, 83% used [0x0000000080000000,0x000000009e90fe00,0x00000000a4d00000)
 Metaspace       used 127651K, capacity 136886K, committed 137048K, reserved 1169408K
  class space    used 16107K, capacity 17696K, committed 17792K, reserved 1048576K
}
Event: 4029.517 GC heap before
{Heap before GC invocations=123 (full 10):
 PSYoungGen      total 617472K, used 558693K [0x00000000d5580000, 0x00000000ff900000, 0x0000000100000000)
  eden space 551424K, 100% used [0x00000000d5580000,0x00000000f7000000,0x00000000f7000000)
  from space 66048K, 11% used [0x00000000fb880000,0x00000000fbf99408,0x00000000ff900000)
  to   space 70144K, 0% used [0x00000000f7000000,0x00000000f7000000,0x00000000fb480000)
 ParOldGen       total 603136K, used 500799K [0x0000000080000000, 0x00000000a4d00000, 0x00000000d5580000)
  object space 603136K, 83% used [0x0000000080000000,0x000000009e90fe00,0x00000000a4d00000)
 Metaspace       used 127656K, capacity 136886K, committed 137048K, reserved 1169408K
  class space    used 16107K, capacity 17696K, committed 17792K, reserved 1048576K
Event: 4029.576 GC heap after
Heap after GC invocations=123 (full 10):
 PSYoungGen      total 621568K, used 6937K [0x00000000d5580000, 0x00000000ffe00000, 0x0000000100000000)
  eden space 551424K, 0% used [0x00000000d5580000,0x00000000d5580000,0x00000000f7000000)
  from space 70144K, 9% used [0x00000000f7000000,0x00000000f76c6638,0x00000000fb480000)
  to   space 67072K, 0% used [0x00000000fbc80000,0x00000000fbc80000,0x00000000ffe00000)
 ParOldGen       total 603136K, used 505073K [0x0000000080000000, 0x00000000a4d00000, 0x00000000d5580000)
  object space 603136K, 83% used [0x0000000080000000,0x000000009ed3c560,0x00000000a4d00000)
 Metaspace       used 127656K, capacity 136886K, committed 137048K, reserved 1169408K
  class space    used 16107K, capacity 17696K, committed 17792K, reserved 1048576K
}
Event: 4030.950 GC heap before
{Heap before GC invocations=124 (full 10):
 PSYoungGen      total 621568K, used 558361K [0x00000000d5580000, 0x00000000ffe00000, 0x0000000100000000)
  eden space 551424K, 100% used [0x00000000d5580000,0x00000000f7000000,0x00000000f7000000)
  from space 70144K, 9% used [0x00000000f7000000,0x00000000f76c6638,0x00000000fb480000)
  to   space 67072K, 0% used [0x00000000fbc80000,0x00000000fbc80000,0x00000000ffe00000)
 ParOldGen       total 603136K, used 505073K [0x0000000080000000, 0x00000000a4d00000, 0x00000000d5580000)
  object space 603136K, 83% used [0x0000000080000000,0x000000009ed3c560,0x00000000a4d00000)
 Metaspace       used 127658K, capacity 136886K, committed 137048K, reserved 1169408K
  class space    used 16107K, capacity 17696K, committed 17792K, reserved 1048576K
Event: 4030.981 GC heap after
Heap after GC invocations=124 (full 10):
 PSYoungGen      total 623616K, used 4427K [0x00000000d5580000, 0x00000000ff900000, 0x0000000100000000)
  eden space 561664K, 0% used [0x00000000d5580000,0x00000000d5580000,0x00000000f7a00000)
  from space 61952K, 7% used [0x00000000fbc80000,0x00000000fc0d2d48,0x00000000ff900000)
  to   space 65024K, 0% used [0x00000000f7a00000,0x00000000f7a00000,0x00000000fb980000)
 ParOldGen       total 603136K, used 510220K [0x0000000080000000, 0x00000000a4d00000, 0x00000000d5580000)
  object space 603136K, 84% used [0x0000000080000000,0x000000009f243238,0x00000000a4d00000)
 Metaspace       used 127658K, capacity 136886K, committed 137048K, reserved 1169408K
  class space    used 16107K, capacity 17696K, committed 17792K, reserved 1048576K
}
Event: 4032.599 GC heap before
{Heap before GC invocations=125 (full 10):
 PSYoungGen      total 623616K, used 566091K [0x00000000d5580000, 0x00000000ff900000, 0x0000000100000000)
  eden space 561664K, 100% used [0x00000000d5580000,0x00000000f7a00000,0x00000000f7a00000)
  from space 61952K, 7% used [0x00000000fbc80000,0x00000000fc0d2d48,0x00000000ff900000)
  to   space 65024K, 0% used [0x00000000f7a00000,0x00000000f7a00000,0x00000000fb980000)
 ParOldGen       total 603136K, used 510220K [0x0000000080000000, 0x00000000a4d00000, 0x00000000d5580000)
  object space 603136K, 84% used [0x0000000080000000,0x000000009f243238,0x00000000a4d00000)
 Metaspace       used 127672K, capacity 136886K, committed 137048K, reserved 1169408K
  class space    used 16107K, capacity 17696K, committed 17792K, reserved 1048576K
Event: 4032.673 GC heap after
Heap after GC invocations=125 (full 10):
 PSYoungGen      total 626688K, used 20851K [0x00000000d5580000, 0x00000000ff900000, 0x0000000100000000)
  eden space 561664K, 0% used [0x00000000d5580000,0x00000000d5580000,0x00000000f7a00000)
  from space 65024K, 32% used [0x00000000f7a00000,0x00000000f8e5cc80,0x00000000fb980000)
  to   space 61952K, 0% used [0x00000000fbc80000,0x00000000fbc80000,0x00000000ff900000)
 ParOldGen       total 603136K, used 510220K [0x0000000080000000, 0x00000000a4d00000, 0x00000000d5580000)
  object space 603136K, 84% used [0x0000000080000000,0x000000009f243238,0x00000000a4d00000)
 Metaspace       used 127672K, capacity 136886K, committed 137048K, reserved 1169408K
  class space    used 16107K, capacity 17696K, committed 17792K, reserved 1048576K
}

